0 info it worked if it ends with ok
1 verbose cli [ 'd:\\Program Files (x86)\\nodejs\\\\node.exe',
1 verbose cli   'd:\\Program Files (x86)\\nodejs\\node_modules\\npm\\bin\\npm-cli.js',
1 verbose cli   'install' ]
2 info using npm@1.4.23
3 info using node@v0.10.31
4 verbose node symlink d:\Program Files (x86)\nodejs\\node.exe
5 error install Couldn't read dependencies
6 error package.json ENOENT, open 'D:\git\itdr\package.json'
6 error package.json This is most likely not a problem with npm itself.
6 error package.json npm can't find a package.json file in your current directory.
7 error System Windows_NT 6.2.9200
8 error command "d:\\Program Files (x86)\\nodejs\\\\node.exe" "d:\\Program Files (x86)\\nodejs\\node_modules\\npm\\bin\\npm-cli.js" "install"
9 error cwd D:\git\itdr
10 error node -v v0.10.31
11 error npm -v 1.4.23
12 error path D:\git\itdr\package.json
13 error code ENOPACKAGEJSON
14 error errno 34
15 verbose exit [ 34, true ]
